[debug] [2022-08-21T18:58:04.849Z] ----------------------------------------------------------------------
[debug] [2022-08-21T18:58:04.851Z] Command:       C:\Program Files\nodejs\node.exe C:\Users\Avhakholwi\AppData\Roaming\npm\node_modules\firebase-tools\lib\bin\firebase.js init
[debug] [2022-08-21T18:58:04.851Z] CLI Version:   10.5.0
[debug] [2022-08-21T18:58:04.852Z] Platform:      win32
[debug] [2022-08-21T18:58:04.852Z] Node Version:  v18.2.0
[debug] [2022-08-21T18:58:04.853Z] Time:          Sun Aug 21 2022 20:58:04 GMT+0200 (South Africa Standard Time)
[debug] [2022-08-21T18:58:04.853Z] ----------------------------------------------------------------------
[debug] 
[debug] [2022-08-21T18:58:04.915Z] > command requires scopes: ["email","openid","https://www.googleapis.com/auth/cloudplatformprojects.readonly","https://www.googleapis.com/auth/firebase","https://www.googleapis.com/auth/cloud-platform"]
[debug] [2022-08-21T18:58:04.915Z] > authorizing via signed-in user (muthaphuliavhakholwi@gmail.com)
[info] 
     ######## #### ########  ######## ########     ###     ######  ########
     ##        ##  ##     ## ##       ##     ##  ##   ##  ##       ##
     ######    ##  ########  ######   ########  #########  ######  ######
     ##        ##  ##    ##  ##       ##     ## ##     ##       ## ##
     ##       #### ##     ## ######## ########  ##     ##  ######  ########

You're about to initialize a Firebase project in this directory:

  C:\Users\Avhakholwi\2022-projects\FABU\ultra

Before we get started, keep in mind:

  * You are initializing within an existing Firebase project directory

[info] 
=== Project Setup
[info] 
[info] First, let's associate this project directory with a Firebase project.
[info] You can create multiple project aliases by running firebase use --add, 
[info] but for now we'll just set up a default project.
[info] 
[debug] [2022-08-21T18:58:18.087Z] Using project from CLI flag: ultra-fd867
[debug] [2022-08-21T18:58:18.094Z] >>> [apiv2][query] GET https://firebase.googleapis.com/v1beta1/projects/ultra-fd867 [none]
[debug] [2022-08-21T18:58:19.015Z] <<< [apiv2][status] GET https://firebase.googleapis.com/v1beta1/projects/ultra-fd867 200
[debug] [2022-08-21T18:58:19.015Z] <<< [apiv2][body] GET https://firebase.googleapis.com/v1beta1/projects/ultra-fd867 {"projectId":"ultra-fd867","projectNumber":"186748452184","displayName":"ultra","name":"projects/ultra-fd867","resources":{"hostingSite":"ultra-fd867","realtimeDatabaseInstance":"ultra-fd867-default-rtdb","storageBucket":"ultra-fd867.appspot.com","locationId":"us-central"},"state":"ACTIVE","etag":"1_a989436d-4e6e-4f49-abb9-96b19886f792"}
[info] i  Using project ultra-fd867 (ultra) 
[info] 
=== Hosting:github Setup
[info] 
[info] i  Detected a .git folder at C:\Users\Avhakholwi\2022-projects\FABU\ultra 
[info] i  Authorizing with GitHub to upload your service account to a GitHub repository's secrets store. 
[info] 
[info] Visit this URL on this device to log in:
[info] https://github.com/login/oauth/authorize?client_id=89cf50f02ac6aaed3484&state=914788556&redirect_uri=http%3A%2F%2Flocalhost%3A9005&scope=read%3Auser%20repo%20public_repo
[info] 
[info] Waiting for authentication...
[debug] [2022-08-21T18:58:19.785Z] >>> HTTP REQUEST POST https://github.com/login/oauth/access_token  
 {"client_id":"89cf50f02ac6aaed3484","client_secret":"3330d14abc895d9a74d5f17cd7a00711fa2c5bf0","code":"596ac3254dc4499c0ce8","redirect_uri":"http://localhost:9005","state":"914788556"}
[debug] [2022-08-21T18:58:20.810Z] <<< HTTP RESPONSE 200 {"server":"GitHub.com","date":"Sun, 21 Aug 2022 18:58:20 GMT","content-type":"application/json; charset=utf-8","transfer-encoding":"chunked","vary":"X-PJAX, X-PJAX-Container, Turbo-Visit, Turbo-Frame, Accept-Encoding, Accept, X-Requested-With","permissions-policy":"interest-cohort=()","etag":"W/\"db7494123d29f6ec832e8d510f01510f\"","cache-control":"max-age=0, private, must-revalidate","strict-transport-security":"max-age=31536000; includeSubdomains; preload","x-frame-options":"deny","x-content-type-options":"nosniff","x-xss-protection":"0","referrer-policy":"origin-when-cross-origin, strict-origin-when-cross-origin","expect-ct":"max-age=2592000, report-uri=\"https://api.github.com/_private/browser/errors\"","content-security-policy":"default-src 'none'; base-uri 'self'; block-all-mixed-content; child-src github.com/assets-cdn/worker/ gist.github.com/assets-cdn/worker/; connect-src 'self' uploads.github.com objects-origin.githubusercontent.com www.githubstatus.com collector.github.com raw.githubusercontent.com api.github.com github-cloud.s3.amazonaws.com github-production-repository-file-5c1aeb.s3.amazonaws.com github-production-upload-manifest-file-7fdce7.s3.amazonaws.com github-production-user-asset-6210df.s3.amazonaws.com cdn.optimizely.com logx.optimizely.com/v1/events *.actions.githubusercontent.com wss://*.actions.githubusercontent.com online.visualstudio.com/api/v1/locations github-production-repository-image-32fea6.s3.amazonaws.com github-production-release-asset-2e65be.s3.amazonaws.com insights.github.com wss://alive.github.com; font-src github.githubassets.com; form-action 'self' github.com gist.github.com objects-origin.githubusercontent.com; frame-ancestors 'none'; frame-src render.githubusercontent.com viewscreen.githubusercontent.com notebooks.githubusercontent.com; img-src 'self' data: github.githubassets.com identicons.github.com github-cloud.s3.amazonaws.com secured-user-images.githubusercontent.com/ github-production-user-asset-6210df.s3.amazonaws.com customer-stories-feed.github.com spotlights-feed.github.com *.githubusercontent.com; manifest-src 'self'; media-src github.com user-images.githubusercontent.com/ secured-user-images.githubusercontent.com/; script-src github.githubassets.com; style-src 'unsafe-inline' github.githubassets.com; worker-src github.com/assets-cdn/worker/ gist.github.com/assets-cdn/worker/","x-github-request-id":"EE0D:E810:4343A8:517D18:6302804B"}
[debug] [2022-08-21T18:58:20.816Z] >>> [apiv2][query] GET https://api.github.com/user [none]
[debug] [2022-08-21T18:58:22.060Z] <<< [apiv2][status] GET https://api.github.com/user 200
[debug] [2022-08-21T18:58:22.060Z] <<< [apiv2][body] GET https://api.github.com/user {"login":"kholwi","id":25429272,"node_id":"MDQ6VXNlcjI1NDI5Mjcy","avatar_url":"https://avatars.githubusercontent.com/u/25429272?v=4","gravatar_id":"","url":"https://api.github.com/users/kholwi","html_url":"https://github.com/kholwi","followers_url":"https://api.github.com/users/kholwi/followers","following_url":"https://api.github.com/users/kholwi/following{/other_user}","gists_url":"https://api.github.com/users/kholwi/gists{/gist_id}","starred_url":"https://api.github.com/users/kholwi/starred{/owner}{/repo}","subscriptions_url":"https://api.github.com/users/kholwi/subscriptions","organizations_url":"https://api.github.com/users/kholwi/orgs","repos_url":"https://api.github.com/users/kholwi/repos","events_url":"https://api.github.com/users/kholwi/events{/privacy}","received_events_url":"https://api.github.com/users/kholwi/received_events","type":"User","site_admin":false,"name":null,"company":null,"blog":"","location":null,"email":null,"hireable":null,"bio":null,"twitter_username":null,"public_repos":2,"public_gists":0,"followers":0,"following":0,"created_at":"2017-01-30T09:23:13Z","updated_at":"2022-08-21T16:50:51Z","private_gists":0,"total_private_repos":0,"owned_private_repos":0,"disk_usage":303,"collaborators":0,"two_factor_authentication":false,"plan":{"name":"free","space":976562499,"collaborators":0,"private_repos":10000}}
[info] 
[info] +  Success! Logged into GitHub as kholwi 
[info] 
[debug] [2022-08-21T18:58:45.295Z] >>> [apiv2][query] GET https://api.github.com/repos/kholwi/ultra/actions/secrets/public-key type=owner
[debug] [2022-08-21T18:58:46.364Z] <<< [apiv2][status] GET https://api.github.com/repos/kholwi/ultra/actions/secrets/public-key 404
[debug] [2022-08-21T18:58:46.364Z] <<< [apiv2][body] GET https://api.github.com/repos/kholwi/ultra/actions/secrets/public-key {"message":"Not Found","documentation_url":"https://docs.github.com/rest/reference/actions#get-a-repository-public-key"}
[debug] [2022-08-21T18:59:03.324Z] >>> [apiv2][query] GET https://api.github.com/repos/kholwi/ultra/actions/secrets/public-key type=owner
[debug] [2022-08-21T18:59:04.294Z] <<< [apiv2][status] GET https://api.github.com/repos/kholwi/ultra/actions/secrets/public-key 404
[debug] [2022-08-21T18:59:04.294Z] <<< [apiv2][body] GET https://api.github.com/repos/kholwi/ultra/actions/secrets/public-key {"message":"Not Found","documentation_url":"https://docs.github.com/rest/reference/actions#get-a-repository-public-key"}
[debug] [2022-08-21T18:59:19.204Z] >>> [apiv2][query] GET https://api.github.com/repos/kholwi/ultra/actions/secrets/public-key type=owner
[debug] [2022-08-21T18:59:20.176Z] <<< [apiv2][status] GET https://api.github.com/repos/kholwi/ultra/actions/secrets/public-key 404
[debug] [2022-08-21T18:59:20.176Z] <<< [apiv2][body] GET https://api.github.com/repos/kholwi/ultra/actions/secrets/public-key {"message":"Not Found","documentation_url":"https://docs.github.com/rest/reference/actions#get-a-repository-public-key"}
[debug] [2022-08-21T19:00:36.980Z] >>> [apiv2][query] GET https://api.github.com/repos/kholwi/ultra/actions/secrets/public-key type=owner
[debug] [2022-08-21T19:00:37.946Z] <<< [apiv2][status] GET https://api.github.com/repos/kholwi/ultra/actions/secrets/public-key 404
[debug] [2022-08-21T19:00:37.946Z] <<< [apiv2][body] GET https://api.github.com/repos/kholwi/ultra/actions/secrets/public-key {"message":"Not Found","documentation_url":"https://docs.github.com/rest/reference/actions#get-a-repository-public-key"}
[debug] [2022-08-21T19:01:27.380Z] >>> [apiv2][query] GET https://api.github.com/repos/kholwi/ultra/actions/secrets/public-key type=owner
[debug] [2022-08-21T19:01:28.311Z] <<< [apiv2][status] GET https://api.github.com/repos/kholwi/ultra/actions/secrets/public-key 404
[debug] [2022-08-21T19:01:28.311Z] <<< [apiv2][body] GET https://api.github.com/repos/kholwi/ultra/actions/secrets/public-key {"message":"Not Found","documentation_url":"https://docs.github.com/rest/reference/actions#get-a-repository-public-key"}
[debug] [2022-08-21T19:01:32.324Z] >>> [apiv2][query] GET https://api.github.com/repos//actions/secrets/public-key type=owner
[debug] [2022-08-21T19:01:33.268Z] <<< [apiv2][status] GET https://api.github.com/repos//actions/secrets/public-key 404
[debug] [2022-08-21T19:01:33.269Z] <<< [apiv2][body] GET https://api.github.com/repos//actions/secrets/public-key {"message":"Not Found","documentation_url":"https://docs.github.com/rest"}
